Execution trace with STCF:
t=0: [Job 0] arrived at [0], ran for: [10]
t=10: [Job 1] arrived at [10], ran for: [10]
t=20: [Job 2] arrived at [10], ran for: [10]
t=30: [Job 0] arrived at [0], ran for: [10]
t=40: [Job 0] arrived at [0], ran for: [10]
t=50: [Job 0] arrived at [0], ran for: [10]
t=60: [Job 0] arrived at [0], ran for: [10]
t=70: [Job 0] arrived at [0], ran for: [10]
t=80: [Job 0] arrived at [0], ran for: [10]
t=90: [Job 0] arrived at [0], ran for: [10]
t=100: [Job 0] arrived at [0], ran for: [10]
t=110: [Job 0] arrived at [0], ran for: [10]
End of execution with STCF.
Begin analyzing STCF:
Job 0 -- Response time: 0  Turnaround: 120  Wait: 20
Job 1 -- Response time: 0  Turnaround: 10  Wait: 0
Job 2 -- Response time: 10  Turnaround: 20  Wait: 10
Average -- Response: 3.33  Turnaround 50.00  Wait 10.00
End analyzing STCF.
